/home/shivansh.seth/miniconda3/envs/brain/lib/python3.8/site-packages/nilearn/input_data/__init__.py:27: FutureWarning: The import path 'nilearn.input_data' is deprecated in version 0.9. Importing from 'nilearn.input_data' will be possible at least until release 0.13.0. Please import from 'nilearn.maskers' instead.
  warnings.warn(message, FutureWarning)
['NYU']
NYU
Ising coupling: length of data = 170
Subject: 50997
(176, 116)
abide_dataset.py:167: VisibleDeprecationWarning: Creating an ndarray from ragged nested sequences (which is a list-or-tuple of lists-or-tuples-or ndarrays with different lengths or shapes) is deprecated. If you meant to do this, you must specify 'dtype=object' when creating the ndarray.
  Js, corrs = np.array(results).T
idx 4
max corr: 0.8154642606382405
beta max 0.03
J corr 0.7476689357780447
Subject: 51003
(176, 116)
idx 4
max corr: 0.7893766674161344
beta max 0.03
J corr 0.7749371697629811
Subject: 51066
(176, 116)
idx 4
max corr: 0.8221251570899051
beta max 0.03
J corr 0.762005852085147
Subject: 51029
(176, 116)
idx 4
max corr: 0.8276323952566458
beta max 0.03
J corr 0.7518936438063746
Subject: 51060
(176, 116)
idx 4
max corr: 0.835354679980188
beta max 0.03
J corr 0.7633502682489255
Subject: 50987
(176, 116)
idx 4
max corr: 0.8128091504155668
beta max 0.03
J corr 0.7463322568760203
Subject: 51081
(176, 116)
idx 6
max corr: 0.8316318528057522
beta max 0.04
J corr 0.7224767393648185
Subject: 51076
(176, 116)
idx 4
max corr: 0.7982656699438713
beta max 0.03
J corr 0.7440369188904791
Subject: 51010
(176, 116)
idx 4
max corr: 0.8345280887021355
beta max 0.03
J corr 0.7377733966998299
Subject: 50989
(176, 116)
idx 4
max corr: 0.8254296294533588
beta max 0.03
J corr 0.7712603562404798
Subject: 51074
(176, 116)
idx 5
max corr: 0.8231537264428035
beta max 0.04
J corr 0.7352193211073926
Subject: 51020
(176, 116)
idx 4
max corr: 0.8248834930093032
beta max 0.03
J corr 0.7595185764297823
Subject: 51036
(176, 116)
idx 4
max corr: 0.8456560083234104
beta max 0.03
J corr 0.7220964755038218
Subject: 51051
(176, 116)
idx 4
max corr: 0.8420491585079155
beta max 0.03
J corr 0.7396288095318845
Subject: 51079
(176, 116)
idx 6
max corr: 0.8457410520929324
beta max 0.04
J corr 0.7093073263010834
Subject: 50985
(176, 116)
idx 4
max corr: 0.8395464187499849
beta max 0.03
J corr 0.7526303049356682
Subject: 51082
(176, 116)
idx 4
max corr: 0.8335078073961298
beta max 0.03
J corr 0.7641008991326165
Subject: 51149
(176, 116)
idx 4
max corr: 0.8363261115171536
beta max 0.03
J corr 0.7562569224133949
Subject: 51042
(176, 116)
idx 4
max corr: 0.8298576992717128
beta max 0.03
J corr 0.756082192101172
Subject: 51002
(176, 116)
idx 4
max corr: 0.8261355128003913
beta max 0.03
J corr 0.7473654303507108
Subject: 51056
(176, 116)
idx 4
max corr: 0.8231216587238308
beta max 0.03
J corr 0.7772637228962749
Subject: 50992
(176, 116)
idx 4
max corr: 0.8379458958816001
beta max 0.03
J corr 0.7623627951037952
Subject: 51096
(176, 116)
idx 4
max corr: 0.808661405120648
beta max 0.03
J corr 0.7437399749740007
Subject: 50995
(176, 116)
idx 6
max corr: 0.8393633703355834
beta max 0.04
J corr 0.720051706110391
Subject: 51059
(176, 116)
idx 4
max corr: 0.8516919181249039
beta max 0.03
J corr 0.7123473275610999
Subject: 51155
(176, 116)
idx 4
max corr: 0.8471414316698389
beta max 0.03
J corr 0.701518162330244
Subject: 51034
(176, 116)
idx 4
max corr: 0.8100944120017862
beta max 0.03
J corr 0.7630348579772587
Subject: 51112
(176, 116)
idx 5
max corr: 0.8451989012367024
beta max 0.04
J corr 0.7102848956185495
Subject: 51026
(176, 116)
idx 4
max corr: 0.8204062285555447
beta max 0.03
J corr 0.7671481887857313
Subject: 51058
(176, 116)
idx 6
max corr: 0.8141685282346597
beta max 0.04
J corr 0.7254172198572046
Subject: 51152
(176, 116)
idx 4
max corr: 0.7896971278163462
beta max 0.03
J corr 0.7713355579134361
Subject: 50956
(176, 116)
idx 6
max corr: 0.8163246640935096
beta max 0.04
J corr 0.7278083823401265
Subject: 51012
(176, 116)
idx 5
max corr: 0.8247785370744799
beta max 0.04
J corr 0.7060001551390477
Subject: 50996
(176, 116)
idx 5
max corr: 0.8380264359022768
beta max 0.04
J corr 0.7336645219048596
Subject: 51001
(176, 116)
idx 4
max corr: 0.7980777664945367
beta max 0.03
J corr 0.795172942006619
Subject: 51047
(176, 116)
idx 4
max corr: 0.8611745033214493
beta max 0.03
J corr 0.7154733499551228
Subject: 51070
(176, 116)
idx 5
max corr: 0.808991860334887
beta max 0.04
J corr 0.7277949442555391
Subject: 51078
(176, 116)
idx 6
max corr: 0.8396276219083244
beta max 0.04
J corr 0.7323240008604465
Subject: 51088
(176, 116)
idx 4
max corr: 0.7985353516132262
beta max 0.03
J corr 0.7666065876996511
Subject: 51071
(176, 116)
idx 4
max corr: 0.7904676848920644
beta max 0.03
J corr 0.7876082078848081
Subject: 51013
(176, 116)
idx 4
max corr: 0.8231287392405393
beta max 0.03
J corr 0.7512796090550726
Subject: 50959
(176, 116)
idx 4
max corr: 0.8462044826933045
beta max 0.03
J corr 0.7157433951900313
Subject: 50983
(176, 116)
idx 4
max corr: 0.8280848341474399
beta max 0.03
J corr 0.7670331514272297
Subject: 51114
(176, 116)
idx 4
max corr: 0.8401618107934145
beta max 0.03
J corr 0.7362394169022943
Subject: 51040
(176, 116)
idx 4
max corr: 0.7911016877315108
beta max 0.03
J corr 0.7817736874671055
Subject: 51107
(176, 116)
idx 4
max corr: 0.8158010975052561
beta max 0.03
J corr 0.7863929146389713
Subject: 51128
(176, 116)
idx 4
max corr: 0.8017909072826421
beta max 0.03
J corr 0.7841880720146496
Subject: 51131
(176, 116)
idx 6
max corr: 0.8646947671965867
beta max 0.04
J corr 0.6943959567825263
Subject: 50968
(176, 116)
idx 4
max corr: 0.7903838454775693
beta max 0.03
J corr 0.7870276989832296
Subject: 51032
(176, 116)
idx 4
max corr: 0.7978592842528647
beta max 0.03
J corr 0.7610380780149245
Subject: 50964
(176, 116)
idx 4
max corr: 0.8298328002486881
beta max 0.03
J corr 0.7573647606081576
Subject: 51057
(176, 116)
idx 4
max corr: 0.8336379367637372
beta max 0.03
J corr 0.7546921803906753
Subject: 50958
(176, 116)
idx 4
max corr: 0.8450167991930362
beta max 0.03
J corr 0.7382401623978094
Subject: 51016
(176, 116)
idx 4
max corr: 0.7912634680842381
beta max 0.03
J corr 0.7632720855836129
Subject: 51106
(176, 116)
idx 4
max corr: 0.8008716671555509
beta max 0.03
J corr 0.7761684005158839
Subject: 51025
(176, 116)
idx 4
max corr: 0.8384813965323218
beta max 0.03
J corr 0.7423374020193881
Subject: 50960
(176, 116)
idx 4
max corr: 0.8194622774351205
beta max 0.03
J corr 0.7649698360272095
Subject: 51018
(176, 116)
idx 4
max corr: 0.811269462629719
beta max 0.03
J corr 0.7623012100291032
Subject: 50973
(176, 116)
idx 4
max corr: 0.8413554105047926
beta max 0.03
J corr 0.7500353468141396
Subject: 51148
(176, 116)
idx 5
max corr: 0.8234947767763965
beta max 0.04
J corr 0.7180067910069786
Subject: 51065
(176, 116)
idx 4
max corr: 0.8219012391284396
beta max 0.03
J corr 0.7519936603278995
Subject: 51123
(176, 116)
idx 4
max corr: 0.8249908144796734
beta max 0.03
J corr 0.7581156123012782
Subject: 51045
(176, 116)
idx 4
max corr: 0.8172938577300682
beta max 0.03
J corr 0.765780602313614
Subject: 51083
(176, 116)
idx 4
max corr: 0.8138958185699771
beta max 0.03
J corr 0.7481456578935184
Subject: 51007
(176, 116)
idx 4
max corr: 0.7993612449405483
beta max 0.03
J corr 0.7483949719283677
Subject: 51097
(176, 116)
idx 4
max corr: 0.8658091382291208
beta max 0.03
J corr 0.7214967999801626
Subject: 51064
(176, 116)
idx 4
max corr: 0.8223064233491233
beta max 0.03
J corr 0.7640200840746784
Subject: 51084
(176, 116)
idx 4
max corr: 0.8721838775823331
beta max 0.03
J corr 0.7225774394625427
Subject: 51011
(176, 116)
idx 4
max corr: 0.8186199934324552
beta max 0.03
J corr 0.7552451474074704
Subject: 51104
(176, 116)
idx 4
max corr: 0.830196940321725
beta max 0.03
J corr 0.7186236138197223
Subject: 51052
(176, 116)
idx 4
max corr: 0.829763414620829
beta max 0.03
J corr 0.7502054116915451
Subject: 51054
(176, 116)
idx 5
max corr: 0.8459159577745217
beta max 0.04
J corr 0.7020034850620166
Subject: 51049
(176, 116)
idx 4
max corr: 0.8301867253001683
beta max 0.03
J corr 0.7548388297302073
Subject: 50982
(176, 116)
idx 5
max corr: 0.8352446410973388
beta max 0.04
J corr 0.7375124294386026
Subject: 51080
(176, 116)
idx 4
max corr: 0.822086478691736
beta max 0.03
J corr 0.7646008569753507
Subject: 51000
(176, 116)
idx 4
max corr: 0.805670956520081
beta max 0.03
J corr 0.7815847611177371
Subject: 51153
(176, 116)
idx 4
max corr: 0.813394120051232
beta max 0.03
J corr 0.7642307054368297
Subject: 51023
(176, 116)
idx 5
max corr: 0.8261523994956722
beta max 0.04
J corr 0.7439986111106929
Subject: 51050
(176, 116)
idx 4
max corr: 0.8083839553084806
beta max 0.03
J corr 0.7551354017334286
Subject: 51035
(176, 116)
idx 6
max corr: 0.8347528188526999
beta max 0.04
J corr 0.7210278256248531
Subject: 51116
(176, 116)
idx 4
max corr: 0.8077264570119439
beta max 0.03
J corr 0.7932875010923267
Subject: 51117
(176, 116)
idx 4
max corr: 0.815126788622709
beta max 0.03
J corr 0.78026306761112
Subject: 51151
(176, 116)
idx 4
max corr: 0.8007097436205969
beta max 0.03
J corr 0.7784386847193323
Subject: 50990
(176, 116)
idx 6
max corr: 0.8092695500672702
beta max 0.04
J corr 0.7414639582378544
Subject: 51087
(176, 116)
idx 4
max corr: 0.7980697631336415
beta max 0.03
J corr 0.7934491111460926
Subject: 51156
(176, 116)
idx 4
max corr: 0.8407235526040407
beta max 0.03
J corr 0.7533509176587472
Subject: 50957
(176, 116)
idx 4
max corr: 0.871026174449924
beta max 0.03
J corr 0.7121141744220043
Subject: 51154
(176, 116)
idx 4
max corr: 0.8076996714789886
beta max 0.03
J corr 0.7685612881289914
Subject: 50962
(176, 116)
idx 4
max corr: 0.8130239939554809
beta max 0.03
J corr 0.7384347307986151
Subject: 50970
(176, 116)
idx 4
max corr: 0.8190171244980723
beta max 0.03
J corr 0.755393804447202
Subject: 51015
(176, 116)
idx 4
max corr: 0.811832488358238
beta max 0.03
J corr 0.754276476412139
Subject: 51024
(176, 116)
idx 4
max corr: 0.8312112063914429
beta max 0.03
J corr 0.7372667985780259
Subject: 51150
(176, 116)
idx 4
max corr: 0.8539173266695481
beta max 0.03
J corr 0.7168370033185758
Subject: 51090
(176, 116)
idx 4
max corr: 0.8289931530884063
beta max 0.03
J corr 0.7651245475903119
Subject: 51009
(176, 116)
idx 5
max corr: 0.8102777882868104
beta max 0.04
J corr 0.7422850720716546
Subject: 51019
(176, 116)
idx 4
max corr: 0.8228763156567981
beta max 0.03
J corr 0.7614253937488559
Subject: 50976
(176, 116)
idx 4
max corr: 0.8254007788569246
beta max 0.03
J corr 0.7668389787118899
Subject: 51103
(176, 116)
idx 4
max corr: 0.8670302703718191
beta max 0.03
J corr 0.7168819289670517
Subject: 51053
(176, 116)
idx 4
max corr: 0.8188909281571413
beta max 0.03
J corr 0.7297917697814831
Subject: 51101
(176, 116)
idx 4
max corr: 0.8185798208963941
beta max 0.03
J corr 0.7716995320806215
Subject: 51111
(176, 116)
idx 4
max corr: 0.843966911064031
beta max 0.03
J corr 0.7393549468389252
Subject: 51089
(176, 116)
idx 4
max corr: 0.8249213128020528
beta max 0.03
J corr 0.7661046378640299
Subject: 51075
(176, 116)
idx 4
max corr: 0.8163453309651029
beta max 0.03
J corr 0.7556380190839529
Subject: 51014
(176, 116)
idx 5
max corr: 0.8543297154889352
beta max 0.04
J corr 0.7378369170113437
Subject: 51105
(176, 116)
idx 4
max corr: 0.8008087753042554
beta max 0.03
J corr 0.7800139113398088
Subject: 51038
(176, 116)
idx 4
max corr: 0.7928468678223146
beta max 0.03
J corr 0.7791625799408616
Subject: 51102
(176, 116)
idx 5
max corr: 0.8463709511455132
beta max 0.04
J corr 0.7201669562159081
Subject: 50954
(176, 116)
idx 4
max corr: 0.7969605925610128
beta max 0.03
J corr 0.7715774609250804
Subject: 50984
(176, 116)
idx 4
max corr: 0.8594832138478272
beta max 0.03
J corr 0.7038878929906783
Subject: 50974
(176, 116)
idx 0
max corr: nan
beta max 0.01
J corr nan
Subject: 51021
(176, 116)
idx 4
max corr: 0.8188044332667161
beta max 0.03
J corr 0.731554296295075
Subject: 51093
(176, 116)
idx 4
max corr: 0.8383350676308009
beta max 0.03
J corr 0.7201454763934343
Subject: 51069
(176, 116)
idx 4
max corr: 0.8013300546024613
beta max 0.03
J corr 0.7721955259589256
Subject: 50998
(176, 116)
idx 4
max corr: 0.7996343221224161
beta max 0.03
J corr 0.7864689312391152
Subject: 51085
(176, 116)
idx 4
max corr: 0.831735051381483
beta max 0.03
J corr 0.7701228319877974
Subject: 50978
(176, 116)
idx 4
max corr: 0.8174186734647604
beta max 0.03
J corr 0.7691594235178212
Subject: 51063
(176, 116)
idx 4
max corr: 0.8308713815254279
beta max 0.03
J corr 0.7620025811819935
Subject: 50969
(176, 116)
idx 4
max corr: 0.8025749420271515
beta max 0.03
J corr 0.7800437806326876
Subject: 51109
(176, 116)
idx 4
max corr: 0.8463825690389566
beta max 0.03
J corr 0.7263610352977216
Subject: 50967
(176, 116)
idx 4
max corr: 0.835084318200235
beta max 0.03
J corr 0.7527750984203512
Subject: 51129
(176, 116)
idx 4
max corr: 0.8182526631016609
beta max 0.03
J corr 0.7717268102768022
Subject: 51027
(176, 116)
idx 4
max corr: 0.789920640217989
beta max 0.03
J corr 0.7852891434318161
Subject: 50961
(176, 116)
idx 4
max corr: 0.8355315500408436
beta max 0.03
J corr 0.7568736876255943
Subject: 51130
(176, 116)
idx 4
max corr: 0.8150769174451122
beta max 0.03
J corr 0.7742342911681859
Subject: 51113
(176, 116)
idx 4
max corr: 0.8068967371114184
beta max 0.03
J corr 0.7698395194066262
Subject: 51062
(176, 116)
idx 4
max corr: 0.8164542388483971
beta max 0.03
J corr 0.7433247422689104
Subject: 51008
(176, 116)
idx 4
max corr: 0.827484634937969
beta max 0.03
J corr 0.7621135594247603
Subject: 50966
(176, 116)
idx 4
max corr: 0.8169583609743875
beta max 0.03
J corr 0.7477674376115915
Subject: 51017
(176, 116)
idx 4
max corr: 0.8487427789512567
beta max 0.03
J corr 0.7510291831378658
Subject: 51122
(176, 116)
idx 4
max corr: 0.8447911634394639
beta max 0.03
J corr 0.7521069744732475
Subject: 51068
(176, 116)
idx 5
max corr: 0.7942369253848686
beta max 0.04
J corr 0.7583011681503025
Subject: 50979
(176, 116)
idx 4
max corr: 0.8348591850065297
beta max 0.03
J corr 0.7421338221653149
Subject: 51118
(176, 116)
idx 5
max corr: 0.8159326257065717
beta max 0.04
J corr 0.6945056832192954
Subject: 51100
(176, 116)
idx 4
max corr: 0.8100765726805079
beta max 0.03
J corr 0.7686505621163583
Subject: 51039
(176, 116)
idx 4
max corr: 0.8487865739070373
beta max 0.03
J corr 0.754444103786241
Subject: 51067
(176, 116)
idx 4
max corr: 0.8336222920722894
beta max 0.03
J corr 0.7363105136215348
Subject: 50991
(176, 116)
idx 4
max corr: 0.791588782818516
beta max 0.03
J corr 0.7577309356146538
Subject: 51028
(176, 116)
idx 4
max corr: 0.7943475563517076
beta max 0.03
J corr 0.7634267353889765
Subject: 50955
(176, 116)
idx 4
max corr: 0.8205164006711609
beta max 0.03
J corr 0.7473264823113511
Subject: 51126
(176, 116)
idx 4
max corr: 0.8369499050168112
beta max 0.03
J corr 0.7210203201230059
Subject: 51041
(176, 116)
idx 4
max corr: 0.816414513643422
beta max 0.03
J corr 0.753236432169402
Subject: 51072
(176, 116)
idx 4
max corr: 0.7919863101875066
beta max 0.03
J corr 0.7713623086573816
Subject: 50977
(176, 116)
idx 4
max corr: 0.8006343799559035
beta max 0.03
J corr 0.8013335218032626
Subject: 51033
(176, 116)
idx 4
max corr: 0.781963457884805
beta max 0.03
J corr 0.7711212015047149
Subject: 50972
(176, 116)
idx 4
max corr: 0.8073241142415413
beta max 0.03
J corr 0.7476154772084049
Subject: 51110
(176, 116)
idx 4
max corr: 0.8110644683490923
beta max 0.03
J corr 0.7770365334412306
Subject: 50986
(176, 116)
idx 4
max corr: 0.815330260348081
beta max 0.03
J corr 0.7757711802431679
Subject: 51061
(176, 116)
idx 4
max corr: 0.8344705467765822
beta max 0.03
J corr 0.7486256411700432
Subject: 51121
(176, 116)
idx 4
max corr: 0.8161378642478121
beta max 0.03
J corr 0.7592749200678215
Subject: 51077
(176, 116)
idx 4
max corr: 0.8607781574421715
beta max 0.03
J corr 0.7059705456671915
Subject: 51091
(176, 116)
idx 4
max corr: 0.8470681453172233
beta max 0.03
J corr 0.7235835942518484
Subject: 51124
(176, 116)
idx 4
max corr: 0.8022741881326974
beta max 0.03
J corr 0.7831661668127111
Subject: 51073
(176, 116)
idx 4
max corr: 0.8349442787096466
beta max 0.03
J corr 0.7270281116023936
Subject: 51147
(176, 116)
idx 4
max corr: 0.8303950713621852
beta max 0.03
J corr 0.7571967465549985
Subject: 50965
(176, 116)
idx 4
max corr: 0.8131204970850467
beta max 0.03
J corr 0.7551598116320115
Subject: 51098
(176, 116)
idx 4
max corr: 0.832502970740309
beta max 0.03
J corr 0.7575946467644895
Subject: 50988
(176, 116)
idx 4
max corr: 0.8109183956567202
beta max 0.03
J corr 0.7705852888677343
Subject: 51094
(176, 116)
idx 4
max corr: 0.8424882159522378
beta max 0.03
J corr 0.732602455339643
Subject: 50993
(176, 116)
idx 4
max corr: 0.830431977139334
beta max 0.03
J corr 0.7524787873813733
Subject: 51099
(176, 116)
idx 4
max corr: 0.8090015160375529
beta max 0.03
J corr 0.7578692968497517
Subject: 51048
(176, 116)
idx 4
max corr: 0.8160986779742725
beta max 0.03
J corr 0.7601174533575059
Subject: 50999
(176, 116)
idx 4
max corr: 0.8443559079154646
beta max 0.03
J corr 0.7459421358354841
Subject: 51006
(176, 116)
idx 4
max corr: 0.8326917129848145
beta max 0.03
J corr 0.7583932093036675
Subject: 50994
(176, 116)
idx 5
max corr: 0.8722030160619024
beta max 0.04
J corr 0.6855147111728137
Subject: 51044
(176, 116)
idx 4
max corr: 0.8102693213413705
beta max 0.03
J corr 0.7779246965431169
Subject: 51046
(176, 116)
idx 6
max corr: 0.8182897065925886
beta max 0.04
J corr 0.746327616897853
Subject: 51146
(176, 116)
idx 4
max corr: 0.8163942846728997
beta max 0.03
J corr 0.746153703942134
Subject: 51086
(176, 116)
idx 4
max corr: 0.8112773489379397
beta max 0.03
J corr 0.75635318306527
Subject: 51055
(176, 116)
idx 6
max corr: 0.8303050030991679
beta max 0.04
J corr 0.6795088848595985
Subject: 50981
(176, 116)
idx 4
max corr: 0.8218701662082749
beta max 0.03
J corr 0.7598104742602861
ising shape: (6786,)
sfc shape: (6786,)
fc and j corr:
0.7476689357780447
0.7749371697629811
0.762005852085147
0.7518936438063746
0.7633502682489255
0.7463322568760203
0.7224767393648185
0.7440369188904791
0.7377733966998299
0.7712603562404798
0.7352193211073926
0.7595185764297823
0.7220964755038218
0.7396288095318845
0.7093073263010834
0.7526303049356682
0.7641008991326165
0.7562569224133949
0.756082192101172
0.7473654303507108
0.7772637228962749
0.7623627951037952
0.7437399749740007
0.720051706110391
0.7123473275610999
0.701518162330244
0.7630348579772587
0.7102848956185495
0.7671481887857313
0.7254172198572046
0.7713355579134361
0.7278083823401265
0.7060001551390477
0.7336645219048596
0.795172942006619
0.7154733499551228
0.7277949442555391
0.7323240008604465
0.7666065876996511
0.7876082078848081
0.7512796090550726
0.7157433951900313
0.7670331514272297
0.7362394169022943
0.7817736874671055
0.7863929146389713
0.7841880720146496
0.6943959567825263
0.7870276989832296
0.7610380780149245
0.7573647606081576
0.7546921803906753
0.7382401623978094
0.7632720855836129
0.7761684005158839
0.7423374020193881
0.7649698360272095
0.7623012100291032
0.7500353468141396
0.7180067910069786
0.7519936603278995
0.7581156123012782
0.765780602313614
0.7481456578935184
0.7483949719283677
0.7214967999801626
0.7640200840746784
0.7225774394625427
0.7552451474074704
0.7186236138197223
0.7502054116915451
0.7020034850620166
0.7548388297302073
0.7375124294386026
0.7646008569753507
0.7815847611177371
0.7642307054368297
0.7439986111106929
0.7551354017334286
0.7210278256248531
0.7932875010923267
0.78026306761112
0.7784386847193323
0.7414639582378544
0.7934491111460926
0.7533509176587472
0.7121141744220043
0.7685612881289914
0.7384347307986151
0.755393804447202
0.754276476412139
0.7372667985780259
0.7168370033185758
0.7651245475903119
0.7422850720716546
0.7614253937488559
0.7668389787118899
0.7168819289670517
0.7297917697814831
0.7716995320806215
0.7393549468389252
0.7661046378640299
0.7556380190839529
0.7378369170113437
0.7800139113398088
0.7791625799408616
0.7201669562159081
0.7715774609250804
0.7038878929906783
nan
0.731554296295075
0.7201454763934343
0.7721955259589256
0.7864689312391152
0.7701228319877974
0.7691594235178212
0.7620025811819935
0.7800437806326876
0.7263610352977216
0.7527750984203512
0.7717268102768022
0.7852891434318161
0.7568736876255943
0.7742342911681859
0.7698395194066262
0.7433247422689104
0.7621135594247603
0.7477674376115915
0.7510291831378658
0.7521069744732475
0.7583011681503025
0.7421338221653149
0.6945056832192954
0.7686505621163583
0.754444103786241
0.7363105136215348
0.7577309356146538
0.7634267353889765
0.7473264823113511
0.7210203201230059
0.753236432169402
0.7713623086573816
0.8013335218032626
0.7711212015047149
0.7476154772084049
0.7770365334412306
0.7757711802431679
0.7486256411700432
0.7592749200678215
0.7059705456671915
0.7235835942518484
0.7831661668127111
0.7270281116023936
0.7571967465549985
0.7551598116320115
0.7575946467644895
0.7705852888677343
0.732602455339643
0.7524787873813733
0.7578692968497517
0.7601174533575059
0.7459421358354841
0.7583932093036675
0.6855147111728137
0.7779246965431169
0.746327616897853
0.746153703942134
0.75635318306527
0.6795088848595985
0.7598104742602861
