==========================================
SLURM_JOB_ID = 747270
SLURM_NODELIST = gnode092
SLURM_JOB_GPUS = 2,3
==========================================
Traceback (most recent call last):
  File "classifier.py", line 68, in <module>
    clf.fit(rep_data, aut_labels)
NameError: name 'rep_data' is not defined
/home/shivansh.seth/miniconda3/envs/brain/lib/python3.8/site-packages/nilearn/input_data/__init__.py:27: FutureWarning: The import path 'nilearn.input_data' is deprecated in version 0.9. Importing from 'nilearn.input_data' will be possible at least until release 0.13.0. Please import from 'nilearn.maskers' instead.
  warnings.warn(message, FutureWarning)
/home/shivansh.seth/miniconda3/envs/brain/lib/python3.8/site-packages/nilearn/input_data/__init__.py:27: FutureWarning: The import path 'nilearn.input_data' is deprecated in version 0.9. Importing from 'nilearn.input_data' will be possible at least until release 0.13.0. Please import from 'nilearn.maskers' instead.
  warnings.warn(message, FutureWarning)
/home/shivansh.seth/miniconda3/envs/brain/lib/python3.8/site-packages/nilearn/input_data/__init__.py:27: FutureWarning: The import path 'nilearn.input_data' is deprecated in version 0.9. Importing from 'nilearn.input_data' will be possible at least until release 0.13.0. Please import from 'nilearn.maskers' instead.
  warnings.warn(message, FutureWarning)
/home/shivansh.seth/miniconda3/envs/brain/lib/python3.8/site-packages/nilearn/input_data/__init__.py:27: FutureWarning: The import path 'nilearn.input_data' is deprecated in version 0.9. Importing from 'nilearn.input_data' will be possible at least until release 0.13.0. Please import from 'nilearn.maskers' instead.
  warnings.warn(message, FutureWarning)
/home/shivansh.seth/miniconda3/envs/brain/lib/python3.8/site-packages/nilearn/input_data/__init__.py:27: FutureWarning: The import path 'nilearn.input_data' is deprecated in version 0.9. Importing from 'nilearn.input_data' will be possible at least until release 0.13.0. Please import from 'nilearn.maskers' instead.
  warnings.warn(message, FutureWarning)
/home/shivansh.seth/miniconda3/envs/brain/lib/python3.8/site-packages/nilearn/input_data/__init__.py:27: FutureWarning: The import path 'nilearn.input_data' is deprecated in version 0.9. Importing from 'nilearn.input_data' will be possible at least until release 0.13.0. Please import from 'nilearn.maskers' instead.
  warnings.warn(message, FutureWarning)
/home/shivansh.seth/miniconda3/envs/brain/lib/python3.8/site-packages/nilearn/input_data/__init__.py:27: FutureWarning: The import path 'nilearn.input_data' is deprecated in version 0.9. Importing from 'nilearn.input_data' will be possible at least until release 0.13.0. Please import from 'nilearn.maskers' instead.
  warnings.warn(message, FutureWarning)
/home/shivansh.seth/miniconda3/envs/brain/lib/python3.8/site-packages/nilearn/input_data/__init__.py:27: FutureWarning: The import path 'nilearn.input_data' is deprecated in version 0.9. Importing from 'nilearn.input_data' will be possible at least until release 0.13.0. Please import from 'nilearn.maskers' instead.
  warnings.warn(message, FutureWarning)
/home/shivansh.seth/miniconda3/envs/brain/lib/python3.8/site-packages/nilearn/input_data/__init__.py:27: FutureWarning: The import path 'nilearn.input_data' is deprecated in version 0.9. Importing from 'nilearn.input_data' will be possible at least until release 0.13.0. Please import from 'nilearn.maskers' instead.
  warnings.warn(message, FutureWarning)
/home/shivansh.seth/miniconda3/envs/brain/lib/python3.8/site-packages/nilearn/input_data/__init__.py:27: FutureWarning: The import path 'nilearn.input_data' is deprecated in version 0.9. Importing from 'nilearn.input_data' will be possible at least until release 0.13.0. Please import from 'nilearn.maskers' instead.
  warnings.warn(message, FutureWarning)
/home/shivansh.seth/miniconda3/envs/brain/lib/python3.8/site-packages/nilearn/input_data/__init__.py:27: FutureWarning: The import path 'nilearn.input_data' is deprecated in version 0.9. Importing from 'nilearn.input_data' will be possible at least until release 0.13.0. Please import from 'nilearn.maskers' instead.
  warnings.warn(message, FutureWarning)
/home/shivansh.seth/miniconda3/envs/brain/lib/python3.8/site-packages/nilearn/input_data/__init__.py:27: FutureWarning: The import path 'nilearn.input_data' is deprecated in version 0.9. Importing from 'nilearn.input_data' will be possible at least until release 0.13.0. Please import from 'nilearn.maskers' instead.
  warnings.warn(message, FutureWarning)
/home/shivansh.seth/miniconda3/envs/brain/lib/python3.8/site-packages/nilearn/input_data/__init__.py:27: FutureWarning: The import path 'nilearn.input_data' is deprecated in version 0.9. Importing from 'nilearn.input_data' will be possible at least until release 0.13.0. Please import from 'nilearn.maskers' instead.
  warnings.warn(message, FutureWarning)
/home/shivansh.seth/miniconda3/envs/brain/lib/python3.8/site-packages/nilearn/input_data/__init__.py:27: FutureWarning: The import path 'nilearn.input_data' is deprecated in version 0.9. Importing from 'nilearn.input_data' will be possible at least until release 0.13.0. Please import from 'nilearn.maskers' instead.
  warnings.warn(message, FutureWarning)
/home/shivansh.seth/miniconda3/envs/brain/lib/python3.8/site-packages/nilearn/input_data/__init__.py:27: FutureWarning: The import path 'nilearn.input_data' is deprecated in version 0.9. Importing from 'nilearn.input_data' will be possible at least until release 0.13.0. Please import from 'nilearn.maskers' instead.
  warnings.warn(message, FutureWarning)
/home/shivansh.seth/miniconda3/envs/brain/lib/python3.8/site-packages/nilearn/input_data/__init__.py:27: FutureWarning: The import path 'nilearn.input_data' is deprecated in version 0.9. Importing from 'nilearn.input_data' will be possible at least until release 0.13.0. Please import from 'nilearn.maskers' instead.
  warnings.warn(message, FutureWarning)
/home/shivansh.seth/miniconda3/envs/brain/lib/python3.8/site-packages/nilearn/input_data/__init__.py:27: FutureWarning: The import path 'nilearn.input_data' is deprecated in version 0.9. Importing from 'nilearn.input_data' will be possible at least until release 0.13.0. Please import from 'nilearn.maskers' instead.
  warnings.warn(message, FutureWarning)
/home/shivansh.seth/miniconda3/envs/brain/lib/python3.8/site-packages/nilearn/input_data/__init__.py:27: FutureWarning: The import path 'nilearn.input_data' is deprecated in version 0.9. Importing from 'nilearn.input_data' will be possible at least until release 0.13.0. Please import from 'nilearn.maskers' instead.
  warnings.warn(message, FutureWarning)
/home/shivansh.seth/miniconda3/envs/brain/lib/python3.8/site-packages/nilearn/input_data/__init__.py:27: FutureWarning: The import path 'nilearn.input_data' is deprecated in version 0.9. Importing from 'nilearn.input_data' will be possible at least until release 0.13.0. Please import from 'nilearn.maskers' instead.
  warnings.warn(message, FutureWarning)
/home/shivansh.seth/miniconda3/envs/brain/lib/python3.8/site-packages/nilearn/input_data/__init__.py:27: FutureWarning: The import path 'nilearn.input_data' is deprecated in version 0.9. Importing from 'nilearn.input_data' will be possible at least until release 0.13.0. Please import from 'nilearn.maskers' instead.
  warnings.warn(message, FutureWarning)
