==========================================
SLURM_JOB_ID = 746825
SLURM_NODELIST = gnode051
SLURM_JOB_GPUS = 0,3
==========================================
Traceback (most recent call last):
  File "classifier.py", line 68, in <module>
    res_df = train_test('AAL', 'ising_gd', gd, diag, df, age, sex, True)
  File "classifier.py", line 33, in train_test
    clf.fit(X_train, y_train)
  File "/home/shivansh.seth/miniconda3/envs/brain/lib/python3.8/site-packages/sklearn/svm/_base.py", line 190, in fit
    X, y = self._validate_data(
  File "/home/shivansh.seth/miniconda3/envs/brain/lib/python3.8/site-packages/sklearn/base.py", line 581, in _validate_data
    X, y = check_X_y(X, y, **check_params)
  File "/home/shivansh.seth/miniconda3/envs/brain/lib/python3.8/site-packages/sklearn/utils/validation.py", line 964, in check_X_y
    X = check_array(
  File "/home/shivansh.seth/miniconda3/envs/brain/lib/python3.8/site-packages/sklearn/utils/validation.py", line 794, in check_array
    raise ValueError(
ValueError: Found array with dim 3. Estimator expected <= 2.
/home/shivansh.seth/miniconda3/envs/brain/lib/python3.8/site-packages/nilearn/input_data/__init__.py:27: FutureWarning: The import path 'nilearn.input_data' is deprecated in version 0.9. Importing from 'nilearn.input_data' will be possible at least until release 0.13.0. Please import from 'nilearn.maskers' instead.
  warnings.warn(message, FutureWarning)
/home/shivansh.seth/miniconda3/envs/brain/lib/python3.8/site-packages/nilearn/input_data/__init__.py:27: FutureWarning: The import path 'nilearn.input_data' is deprecated in version 0.9. Importing from 'nilearn.input_data' will be possible at least until release 0.13.0. Please import from 'nilearn.maskers' instead.
  warnings.warn(message, FutureWarning)
/home/shivansh.seth/miniconda3/envs/brain/lib/python3.8/site-packages/nilearn/input_data/__init__.py:27: FutureWarning: The import path 'nilearn.input_data' is deprecated in version 0.9. Importing from 'nilearn.input_data' will be possible at least until release 0.13.0. Please import from 'nilearn.maskers' instead.
  warnings.warn(message, FutureWarning)
/home/shivansh.seth/miniconda3/envs/brain/lib/python3.8/site-packages/nilearn/input_data/__init__.py:27: FutureWarning: The import path 'nilearn.input_data' is deprecated in version 0.9. Importing from 'nilearn.input_data' will be possible at least until release 0.13.0. Please import from 'nilearn.maskers' instead.
  warnings.warn(message, FutureWarning)
/home/shivansh.seth/miniconda3/envs/brain/lib/python3.8/site-packages/nilearn/input_data/__init__.py:27: FutureWarning: The import path 'nilearn.input_data' is deprecated in version 0.9. Importing from 'nilearn.input_data' will be possible at least until release 0.13.0. Please import from 'nilearn.maskers' instead.
  warnings.warn(message, FutureWarning)
/home/shivansh.seth/miniconda3/envs/brain/lib/python3.8/site-packages/nilearn/input_data/__init__.py:27: FutureWarning: The import path 'nilearn.input_data' is deprecated in version 0.9. Importing from 'nilearn.input_data' will be possible at least until release 0.13.0. Please import from 'nilearn.maskers' instead.
  warnings.warn(message, FutureWarning)
/home/shivansh.seth/miniconda3/envs/brain/lib/python3.8/site-packages/nilearn/input_data/__init__.py:27: FutureWarning: The import path 'nilearn.input_data' is deprecated in version 0.9. Importing from 'nilearn.input_data' will be possible at least until release 0.13.0. Please import from 'nilearn.maskers' instead.
  warnings.warn(message, FutureWarning)
/home/shivansh.seth/miniconda3/envs/brain/lib/python3.8/site-packages/nilearn/input_data/__init__.py:27: FutureWarning: The import path 'nilearn.input_data' is deprecated in version 0.9. Importing from 'nilearn.input_data' will be possible at least until release 0.13.0. Please import from 'nilearn.maskers' instead.
  warnings.warn(message, FutureWarning)
/home/shivansh.seth/miniconda3/envs/brain/lib/python3.8/site-packages/nilearn/input_data/__init__.py:27: FutureWarning: The import path 'nilearn.input_data' is deprecated in version 0.9. Importing from 'nilearn.input_data' will be possible at least until release 0.13.0. Please import from 'nilearn.maskers' instead.
  warnings.warn(message, FutureWarning)
/home/shivansh.seth/miniconda3/envs/brain/lib/python3.8/site-packages/nilearn/input_data/__init__.py:27: FutureWarning: The import path 'nilearn.input_data' is deprecated in version 0.9. Importing from 'nilearn.input_data' will be possible at least until release 0.13.0. Please import from 'nilearn.maskers' instead.
  warnings.warn(message, FutureWarning)
/home/shivansh.seth/miniconda3/envs/brain/lib/python3.8/site-packages/nilearn/input_data/__init__.py:27: FutureWarning: The import path 'nilearn.input_data' is deprecated in version 0.9. Importing from 'nilearn.input_data' will be possible at least until release 0.13.0. Please import from 'nilearn.maskers' instead.
  warnings.warn(message, FutureWarning)
/home/shivansh.seth/miniconda3/envs/brain/lib/python3.8/site-packages/nilearn/input_data/__init__.py:27: FutureWarning: The import path 'nilearn.input_data' is deprecated in version 0.9. Importing from 'nilearn.input_data' will be possible at least until release 0.13.0. Please import from 'nilearn.maskers' instead.
  warnings.warn(message, FutureWarning)
/home/shivansh.seth/miniconda3/envs/brain/lib/python3.8/site-packages/nilearn/input_data/__init__.py:27: FutureWarning: The import path 'nilearn.input_data' is deprecated in version 0.9. Importing from 'nilearn.input_data' will be possible at least until release 0.13.0. Please import from 'nilearn.maskers' instead.
  warnings.warn(message, FutureWarning)
/home/shivansh.seth/miniconda3/envs/brain/lib/python3.8/site-packages/nilearn/input_data/__init__.py:27: FutureWarning: The import path 'nilearn.input_data' is deprecated in version 0.9. Importing from 'nilearn.input_data' will be possible at least until release 0.13.0. Please import from 'nilearn.maskers' instead.
  warnings.warn(message, FutureWarning)
/home/shivansh.seth/miniconda3/envs/brain/lib/python3.8/site-packages/nilearn/input_data/__init__.py:27: FutureWarning: The import path 'nilearn.input_data' is deprecated in version 0.9. Importing from 'nilearn.input_data' will be possible at least until release 0.13.0. Please import from 'nilearn.maskers' instead.
  warnings.warn(message, FutureWarning)
/home/shivansh.seth/miniconda3/envs/brain/lib/python3.8/site-packages/nilearn/input_data/__init__.py:27: FutureWarning: The import path 'nilearn.input_data' is deprecated in version 0.9. Importing from 'nilearn.input_data' will be possible at least until release 0.13.0. Please import from 'nilearn.maskers' instead.
  warnings.warn(message, FutureWarning)
/home/shivansh.seth/miniconda3/envs/brain/lib/python3.8/site-packages/nilearn/input_data/__init__.py:27: FutureWarning: The import path 'nilearn.input_data' is deprecated in version 0.9. Importing from 'nilearn.input_data' will be possible at least until release 0.13.0. Please import from 'nilearn.maskers' instead.
  warnings.warn(message, FutureWarning)
/home/shivansh.seth/miniconda3/envs/brain/lib/python3.8/site-packages/nilearn/input_data/__init__.py:27: FutureWarning: The import path 'nilearn.input_data' is deprecated in version 0.9. Importing from 'nilearn.input_data' will be possible at least until release 0.13.0. Please import from 'nilearn.maskers' instead.
  warnings.warn(message, FutureWarning)
/home/shivansh.seth/miniconda3/envs/brain/lib/python3.8/site-packages/nilearn/input_data/__init__.py:27: FutureWarning: The import path 'nilearn.input_data' is deprecated in version 0.9. Importing from 'nilearn.input_data' will be possible at least until release 0.13.0. Please import from 'nilearn.maskers' instead.
  warnings.warn(message, FutureWarning)
/home/shivansh.seth/miniconda3/envs/brain/lib/python3.8/site-packages/nilearn/input_data/__init__.py:27: FutureWarning: The import path 'nilearn.input_data' is deprecated in version 0.9. Importing from 'nilearn.input_data' will be possible at least until release 0.13.0. Please import from 'nilearn.maskers' instead.
  warnings.warn(message, FutureWarning)
