==========================================
SLURM_JOB_ID = 747262
SLURM_NODELIST = gnode077
SLURM_JOB_GPUS = 1,2
==========================================
/home/shivansh.seth/miniconda3/envs/brain/lib/python3.8/site-packages/nilearn/input_data/__init__.py:27: FutureWarning: The import path 'nilearn.input_data' is deprecated in version 0.9. Importing from 'nilearn.input_data' will be possible at least until release 0.13.0. Please import from 'nilearn.maskers' instead.
  warnings.warn(message, FutureWarning)
/home/shivansh.seth/miniconda3/envs/brain/lib/python3.8/site-packages/nilearn/input_data/__init__.py:27: FutureWarning: The import path 'nilearn.input_data' is deprecated in version 0.9. Importing from 'nilearn.input_data' will be possible at least until release 0.13.0. Please import from 'nilearn.maskers' instead.
  warnings.warn(message, FutureWarning)
/home/shivansh.seth/miniconda3/envs/brain/lib/python3.8/site-packages/nilearn/input_data/__init__.py:27: FutureWarning: The import path 'nilearn.input_data' is deprecated in version 0.9. Importing from 'nilearn.input_data' will be possible at least until release 0.13.0. Please import from 'nilearn.maskers' instead.
  warnings.warn(message, FutureWarning)
/home/shivansh.seth/miniconda3/envs/brain/lib/python3.8/site-packages/nilearn/input_data/__init__.py:27: FutureWarning: The import path 'nilearn.input_data' is deprecated in version 0.9. Importing from 'nilearn.input_data' will be possible at least until release 0.13.0. Please import from 'nilearn.maskers' instead.
  warnings.warn(message, FutureWarning)
/home/shivansh.seth/miniconda3/envs/brain/lib/python3.8/site-packages/nilearn/input_data/__init__.py:27: FutureWarning: The import path 'nilearn.input_data' is deprecated in version 0.9. Importing from 'nilearn.input_data' will be possible at least until release 0.13.0. Please import from 'nilearn.maskers' instead.
  warnings.warn(message, FutureWarning)
/home/shivansh.seth/miniconda3/envs/brain/lib/python3.8/site-packages/nilearn/input_data/__init__.py:27: FutureWarning: The import path 'nilearn.input_data' is deprecated in version 0.9. Importing from 'nilearn.input_data' will be possible at least until release 0.13.0. Please import from 'nilearn.maskers' instead.
  warnings.warn(message, FutureWarning)
/home/shivansh.seth/miniconda3/envs/brain/lib/python3.8/site-packages/nilearn/input_data/__init__.py:27: FutureWarning: The import path 'nilearn.input_data' is deprecated in version 0.9. Importing from 'nilearn.input_data' will be possible at least until release 0.13.0. Please import from 'nilearn.maskers' instead.
  warnings.warn(message, FutureWarning)
/home/shivansh.seth/miniconda3/envs/brain/lib/python3.8/site-packages/nilearn/input_data/__init__.py:27: FutureWarning: The import path 'nilearn.input_data' is deprecated in version 0.9. Importing from 'nilearn.input_data' will be possible at least until release 0.13.0. Please import from 'nilearn.maskers' instead.
  warnings.warn(message, FutureWarning)
/home/shivansh.seth/miniconda3/envs/brain/lib/python3.8/site-packages/nilearn/input_data/__init__.py:27: FutureWarning: The import path 'nilearn.input_data' is deprecated in version 0.9. Importing from 'nilearn.input_data' will be possible at least until release 0.13.0. Please import from 'nilearn.maskers' instead.
  warnings.warn(message, FutureWarning)
/home/shivansh.seth/miniconda3/envs/brain/lib/python3.8/site-packages/nilearn/input_data/__init__.py:27: FutureWarning: The import path 'nilearn.input_data' is deprecated in version 0.9. Importing from 'nilearn.input_data' will be possible at least until release 0.13.0. Please import from 'nilearn.maskers' instead.
  warnings.warn(message, FutureWarning)
/home/shivansh.seth/miniconda3/envs/brain/lib/python3.8/site-packages/nilearn/input_data/__init__.py:27: FutureWarning: The import path 'nilearn.input_data' is deprecated in version 0.9. Importing from 'nilearn.input_data' will be possible at least until release 0.13.0. Please import from 'nilearn.maskers' instead.
  warnings.warn(message, FutureWarning)
/home/shivansh.seth/miniconda3/envs/brain/lib/python3.8/site-packages/nilearn/input_data/__init__.py:27: FutureWarning: The import path 'nilearn.input_data' is deprecated in version 0.9. Importing from 'nilearn.input_data' will be possible at least until release 0.13.0. Please import from 'nilearn.maskers' instead.
  warnings.warn(message, FutureWarning)
/home/shivansh.seth/miniconda3/envs/brain/lib/python3.8/site-packages/nilearn/input_data/__init__.py:27: FutureWarning: The import path 'nilearn.input_data' is deprecated in version 0.9. Importing from 'nilearn.input_data' will be possible at least until release 0.13.0. Please import from 'nilearn.maskers' instead.
  warnings.warn(message, FutureWarning)
/home/shivansh.seth/miniconda3/envs/brain/lib/python3.8/site-packages/nilearn/input_data/__init__.py:27: FutureWarning: The import path 'nilearn.input_data' is deprecated in version 0.9. Importing from 'nilearn.input_data' will be possible at least until release 0.13.0. Please import from 'nilearn.maskers' instead.
  warnings.warn(message, FutureWarning)
/home/shivansh.seth/miniconda3/envs/brain/lib/python3.8/site-packages/nilearn/input_data/__init__.py:27: FutureWarning: The import path 'nilearn.input_data' is deprecated in version 0.9. Importing from 'nilearn.input_data' will be possible at least until release 0.13.0. Please import from 'nilearn.maskers' instead.
  warnings.warn(message, FutureWarning)
/home/shivansh.seth/miniconda3/envs/brain/lib/python3.8/site-packages/nilearn/input_data/__init__.py:27: FutureWarning: The import path 'nilearn.input_data' is deprecated in version 0.9. Importing from 'nilearn.input_data' will be possible at least until release 0.13.0. Please import from 'nilearn.maskers' instead.
  warnings.warn(message, FutureWarning)
/home/shivansh.seth/miniconda3/envs/brain/lib/python3.8/site-packages/nilearn/input_data/__init__.py:27: FutureWarning: The import path 'nilearn.input_data' is deprecated in version 0.9. Importing from 'nilearn.input_data' will be possible at least until release 0.13.0. Please import from 'nilearn.maskers' instead.
  warnings.warn(message, FutureWarning)
/home/shivansh.seth/miniconda3/envs/brain/lib/python3.8/site-packages/nilearn/input_data/__init__.py:27: FutureWarning: The import path 'nilearn.input_data' is deprecated in version 0.9. Importing from 'nilearn.input_data' will be possible at least until release 0.13.0. Please import from 'nilearn.maskers' instead.
  warnings.warn(message, FutureWarning)
/home/shivansh.seth/miniconda3/envs/brain/lib/python3.8/site-packages/nilearn/input_data/__init__.py:27: FutureWarning: The import path 'nilearn.input_data' is deprecated in version 0.9. Importing from 'nilearn.input_data' will be possible at least until release 0.13.0. Please import from 'nilearn.maskers' instead.
  warnings.warn(message, FutureWarning)
/home/shivansh.seth/miniconda3/envs/brain/lib/python3.8/site-packages/nilearn/input_data/__init__.py:27: FutureWarning: The import path 'nilearn.input_data' is deprecated in version 0.9. Importing from 'nilearn.input_data' will be possible at least until release 0.13.0. Please import from 'nilearn.maskers' instead.
  warnings.warn(message, FutureWarning)
